ARM GAS  C:\Users\ksoneda\AppData\Local\Temp\ccTzxrXy.s 			page 1


   1              		.cpu cortex-m0
   2              		.fpu softvfp
   3              		.eabi_attribute 20, 1
   4              		.eabi_attribute 21, 1
   5              		.eabi_attribute 23, 3
   6              		.eabi_attribute 24, 1
   7              		.eabi_attribute 25, 1
   8              		.eabi_attribute 26, 1
   9              		.eabi_attribute 30, 6
  10              		.eabi_attribute 34, 0
  11              		.eabi_attribute 18, 4
  12              		.code	16
  13              		.file	"functionsCozir.c"
  14              		.text
  15              	.Ltext0:
  16              		.cfi_sections	.debug_frame
  17              		.global	strEnd
  18              		.section	.rodata
  19              		.align	2
  20              	.LC0:
  21 0000 0D0A00   		.ascii	"\015\012\000"
  22              		.data
  23              		.align	2
  24              		.type	strEnd, %object
  25              		.size	strEnd, 4
  26              	strEnd:
  27 0000 00000000 		.word	.LC0
  28              		.section	.text.ReadCO2,"ax",%progbits
  29              		.align	2
  30              		.global	ReadCO2
  31              		.code	16
  32              		.thumb_func
  33              		.type	ReadCO2, %function
  34              	ReadCO2:
  35              	.LFB35:
  36              		.file 1 ".\\functionsCozir.c"
   1:.\functionsCozir.c **** /* ========================================
   2:.\functionsCozir.c ****  *
   3:.\functionsCozir.c ****  * Copyright YOUR COMPANY, THE YEAR
   4:.\functionsCozir.c ****  * All Rights Reserved
   5:.\functionsCozir.c ****  * UNPUBLISHED, LICENSED SOFTWARE.
   6:.\functionsCozir.c ****  *
   7:.\functionsCozir.c ****  * CONFIDENTIAL AND PROPRIETARY INFORMATION
   8:.\functionsCozir.c ****  * WHICH IS THE PROPERTY OF your company.
   9:.\functionsCozir.c ****  
  10:.\functionsCozir.c ****  * Overview: CO2 Measurement Code
  11:.\functionsCozir.c ****  
  12:.\functionsCozir.c ****  * ========================================
  13:.\functionsCozir.c **** */
  14:.\functionsCozir.c **** 
  15:.\functionsCozir.c **** #include "main.h"
  16:.\functionsCozir.c **** 
  17:.\functionsCozir.c **** #ifdef FUNCTIONS_COZIR_H
  18:.\functionsCozir.c **** 	
  19:.\functionsCozir.c **** 	const char *strEnd = "\r\n";
  20:.\functionsCozir.c **** 
  21:.\functionsCozir.c **** 	uint8 ReadCO2(uint8 *array,uint8 *size)
ARM GAS  C:\Users\ksoneda\AppData\Local\Temp\ccTzxrXy.s 			page 2


  22:.\functionsCozir.c **** 	{
  37              		.loc 1 22 0
  38              		.cfi_startproc
  39 0000 80B5     		push	{r7, lr}
  40              		.cfi_def_cfa_offset 8
  41              		.cfi_offset 7, -8
  42              		.cfi_offset 14, -4
  43 0002 84B0     		sub	sp, sp, #16
  44              		.cfi_def_cfa_offset 24
  45 0004 00AF     		add	r7, sp, #0
  46              		.cfi_def_cfa_register 7
  47 0006 7860     		str	r0, [r7, #4]
  48 0008 3960     		str	r1, [r7]
  23:.\functionsCozir.c **** 		COZIR_SpiUartClearRxBuffer();
  49              		.loc 1 23 0
  50 000a FFF7FEFF 		bl	COZIR_SpiUartClearRxBuffer
  24:.\functionsCozir.c **** 		
  25:.\functionsCozir.c **** 		COZIR_UartPutChar(RD_CO2_PPM_CMD);
  51              		.loc 1 25 0
  52 000e 5A20     		mov	r0, #90
  53 0010 FFF7FEFF 		bl	COZIR_SpiUartWriteTxData
  26:.\functionsCozir.c **** 		COZIR_UartPutString(strEnd);
  54              		.loc 1 26 0
  55 0014 324B     		ldr	r3, .L13
  56 0016 1B68     		ldr	r3, [r3]
  57 0018 181C     		mov	r0, r3
  58 001a FFF7FEFF 		bl	COZIR_UartPutString
  27:.\functionsCozir.c **** 		
  28:.\functionsCozir.c **** 		while(COZIR_SpiUartGetRxBufferSize()<RESPONSE_MIN_SIZE)
  59              		.loc 1 28 0
  60 001e C046     		mov	r8, r8
  61              	.L2:
  62              		.loc 1 28 0 is_stmt 0 discriminator 1
  63 0020 FFF7FEFF 		bl	COZIR_SpiUartGetRxBufferSize
  64 0024 031C     		mov	r3, r0
  65 0026 022B     		cmp	r3, #2
  66 0028 FAD9     		bls	.L2
  29:.\functionsCozir.c **** 		{}
  30:.\functionsCozir.c **** 		uint8 index = 0u;
  67              		.loc 1 30 0 is_stmt 1
  68 002a 3B1C     		mov	r3, r7
  69 002c 0F33     		add	r3, r3, #15
  70 002e 0022     		mov	r2, #0
  71 0030 1A70     		strb	r2, [r3]
  31:.\functionsCozir.c **** 		uint8 j;
  32:.\functionsCozir.c **** 		for(j=0u;j<75u;++j)
  72              		.loc 1 32 0
  73 0032 3B1C     		mov	r3, r7
  74 0034 0E33     		add	r3, r3, #14
  75 0036 0022     		mov	r2, #0
  76 0038 1A70     		strb	r2, [r3]
  77 003a 47E0     		b	.L3
  78              	.L11:
  79              	.LBB2:
  33:.\functionsCozir.c **** 		{
  34:.\functionsCozir.c **** 			uint8 val = COZIR_UartGetChar();
  80              		.loc 1 34 0
ARM GAS  C:\Users\ksoneda\AppData\Local\Temp\ccTzxrXy.s 			page 3


  81 003c FFF7FEFF 		bl	COZIR_UartGetChar
  82 0040 021C     		mov	r2, r0
  83 0042 3B1C     		mov	r3, r7
  84 0044 0D33     		add	r3, r3, #13
  85 0046 1A70     		strb	r2, [r3]
  35:.\functionsCozir.c **** 			switch(val)
  86              		.loc 1 35 0
  87 0048 3B1C     		mov	r3, r7
  88 004a 0D33     		add	r3, r3, #13
  89 004c 1B78     		ldrb	r3, [r3]
  90 004e 0D2B     		cmp	r3, #13
  91 0050 0DD0     		beq	.L5
  92 0052 3F2B     		cmp	r3, #63
  93 0054 12D0     		beq	.L6
  94 0056 002B     		cmp	r3, #0
  95 0058 15D1     		bne	.L12
  36:.\functionsCozir.c **** 			{
  37:.\functionsCozir.c **** 				case 0u:
  38:.\functionsCozir.c **** 				{
  39:.\functionsCozir.c **** 					if(COZIR_SpiUartGetRxBufferSize()<1u)
  96              		.loc 1 39 0
  97 005a FFF7FEFF 		bl	COZIR_SpiUartGetRxBufferSize
  98 005e 031C     		mov	r3, r0
  99 0060 002B     		cmp	r3, #0
 100 0062 03D1     		bne	.L8
  40:.\functionsCozir.c **** 					{
  41:.\functionsCozir.c **** 						CyDelay(50u);
 101              		.loc 1 41 0
 102 0064 3220     		mov	r0, #50
 103 0066 FFF7FEFF 		bl	CyDelay
  42:.\functionsCozir.c **** 					}
  43:.\functionsCozir.c **** 				}
  44:.\functionsCozir.c **** 				break;
 104              		.loc 1 44 0
 105 006a 28E0     		b	.L9
 106              	.L8:
 107 006c 27E0     		b	.L9
 108              	.L5:
  45:.\functionsCozir.c **** 				
  46:.\functionsCozir.c **** 				case CR_END_CHAR:
  47:.\functionsCozir.c **** 				{
  48:.\functionsCozir.c **** 					#ifdef XBEE_IS_ENABLED
  49:.\functionsCozir.c **** 						XBee_PutChar(READ_CO2_STATE);
  50:.\functionsCozir.c **** 						XBee_PutChar(READ_CO2_STATE);
  51:.\functionsCozir.c **** 						uint8 w;
  52:.\functionsCozir.c **** 						for(w=0u;w<index;++w)
  53:.\functionsCozir.c **** 						{
  54:.\functionsCozir.c **** 							XBee_PutChar(*(array+w));
  55:.\functionsCozir.c **** 						}
  56:.\functionsCozir.c **** 					#endif
  57:.\functionsCozir.c **** 					
  58:.\functionsCozir.c **** 					*(size) = index;
 109              		.loc 1 58 0
 110 006e 3B68     		ldr	r3, [r7]
 111 0070 3A1C     		mov	r2, r7
 112 0072 0F32     		add	r2, r2, #15
 113 0074 1278     		ldrb	r2, [r2]
ARM GAS  C:\Users\ksoneda\AppData\Local\Temp\ccTzxrXy.s 			page 4


 114 0076 1A70     		strb	r2, [r3]
  59:.\functionsCozir.c **** 					return IDLE_STATE;
 115              		.loc 1 59 0
 116 0078 0123     		mov	r3, #1
 117 007a 2DE0     		b	.L10
 118              	.L6:
  60:.\functionsCozir.c **** 				}
  61:.\functionsCozir.c **** 				break;
  62:.\functionsCozir.c **** 				
  63:.\functionsCozir.c **** 				case UNKNOWN_CMD:
  64:.\functionsCozir.c **** 				{
  65:.\functionsCozir.c **** 					*(size) = 0u;
 119              		.loc 1 65 0
 120 007c 3B68     		ldr	r3, [r7]
 121 007e 0022     		mov	r2, #0
 122 0080 1A70     		strb	r2, [r3]
  66:.\functionsCozir.c **** 					
  67:.\functionsCozir.c **** 					#ifdef XBEE_IS_ENABLED
  68:.\functionsCozir.c **** 						XBee_PutChar(READ_CO2_STATE);
  69:.\functionsCozir.c **** 						XBee_PutChar(READ_CO2_STATE);
  70:.\functionsCozir.c **** 						XBee_PutChar(UNKNOWN_CMD);
  71:.\functionsCozir.c **** 					#endif
  72:.\functionsCozir.c **** 				
  73:.\functionsCozir.c **** 					return IDLE_STATE;	
 123              		.loc 1 73 0
 124 0082 0123     		mov	r3, #1
 125 0084 28E0     		b	.L10
 126              	.L12:
  74:.\functionsCozir.c **** 				}
  75:.\functionsCozir.c **** 				break;
  76:.\functionsCozir.c **** 
  77:.\functionsCozir.c **** 				default:
  78:.\functionsCozir.c **** 				{
  79:.\functionsCozir.c **** 					if((val < 58u)&&(val > 47u))// IF w/in '0' to '9' ASCII digit range
 127              		.loc 1 79 0
 128 0086 3B1C     		mov	r3, r7
 129 0088 0D33     		add	r3, r3, #13
 130 008a 1B78     		ldrb	r3, [r3]
 131 008c 392B     		cmp	r3, #57
 132 008e 16D8     		bhi	.L9
 133              		.loc 1 79 0 is_stmt 0 discriminator 1
 134 0090 3B1C     		mov	r3, r7
 135 0092 0D33     		add	r3, r3, #13
 136 0094 1B78     		ldrb	r3, [r3]
 137 0096 2F2B     		cmp	r3, #47
 138 0098 11D9     		bls	.L9
  80:.\functionsCozir.c **** 					{
  81:.\functionsCozir.c **** 						*(array+index) = val-48u; //add code to subtract '0' from each value before storing
 139              		.loc 1 81 0 is_stmt 1
 140 009a 3B1C     		mov	r3, r7
 141 009c 0F33     		add	r3, r3, #15
 142 009e 1B78     		ldrb	r3, [r3]
 143 00a0 7A68     		ldr	r2, [r7, #4]
 144 00a2 D318     		add	r3, r2, r3
 145 00a4 3A1C     		mov	r2, r7
 146 00a6 0D32     		add	r2, r2, #13
 147 00a8 1278     		ldrb	r2, [r2]
ARM GAS  C:\Users\ksoneda\AppData\Local\Temp\ccTzxrXy.s 			page 5


 148 00aa 303A     		sub	r2, r2, #48
 149 00ac D2B2     		uxtb	r2, r2
 150 00ae 1A70     		strb	r2, [r3]
  82:.\functionsCozir.c **** 						index += 1u;
 151              		.loc 1 82 0
 152 00b0 3B1C     		mov	r3, r7
 153 00b2 0F33     		add	r3, r3, #15
 154 00b4 3A1C     		mov	r2, r7
 155 00b6 0F32     		add	r2, r2, #15
 156 00b8 1278     		ldrb	r2, [r2]
 157 00ba 0132     		add	r2, r2, #1
 158 00bc 1A70     		strb	r2, [r3]
 159              	.L9:
 160              	.LBE2:
  32:.\functionsCozir.c **** 		for(j=0u;j<75u;++j)
 161              		.loc 1 32 0
 162 00be 3B1C     		mov	r3, r7
 163 00c0 0E33     		add	r3, r3, #14
 164 00c2 3A1C     		mov	r2, r7
 165 00c4 0E32     		add	r2, r2, #14
 166 00c6 1278     		ldrb	r2, [r2]
 167 00c8 0132     		add	r2, r2, #1
 168 00ca 1A70     		strb	r2, [r3]
 169              	.L3:
  32:.\functionsCozir.c **** 		for(j=0u;j<75u;++j)
 170              		.loc 1 32 0 is_stmt 0 discriminator 1
 171 00cc 3B1C     		mov	r3, r7
 172 00ce 0E33     		add	r3, r3, #14
 173 00d0 1B78     		ldrb	r3, [r3]
 174 00d2 4A2B     		cmp	r3, #74
 175 00d4 B2D9     		bls	.L11
  83:.\functionsCozir.c **** 					}
  84:.\functionsCozir.c **** 				}
  85:.\functionsCozir.c **** 			}//end of switch-case
  86:.\functionsCozir.c **** 		}// end of FOR loop (j)
  87:.\functionsCozir.c **** 		return IDLE_STATE;
 176              		.loc 1 87 0 is_stmt 1
 177 00d6 0123     		mov	r3, #1
 178              	.L10:
  88:.\functionsCozir.c **** 	}
 179              		.loc 1 88 0
 180 00d8 181C     		mov	r0, r3
 181 00da BD46     		mov	sp, r7
 182 00dc 04B0     		add	sp, sp, #16
 183              		@ sp needed
 184 00de 80BD     		pop	{r7, pc}
 185              	.L14:
 186              		.align	2
 187              	.L13:
 188 00e0 00000000 		.word	strEnd
 189              		.cfi_endproc
 190              	.LFE35:
 191              		.size	ReadCO2, .-ReadCO2
 192              		.section	.text.ReadCO2_2,"ax",%progbits
 193              		.align	2
 194              		.global	ReadCO2_2
 195              		.code	16
ARM GAS  C:\Users\ksoneda\AppData\Local\Temp\ccTzxrXy.s 			page 6


 196              		.thumb_func
 197              		.type	ReadCO2_2, %function
 198              	ReadCO2_2:
 199              	.LFB36:
  89:.\functionsCozir.c **** 
  90:.\functionsCozir.c **** 	uint16 ReadCO2_2(uint8 *array,uint8 *state)
  91:.\functionsCozir.c **** 	{
 200              		.loc 1 91 0
 201              		.cfi_startproc
 202 0000 80B5     		push	{r7, lr}
 203              		.cfi_def_cfa_offset 8
 204              		.cfi_offset 7, -8
 205              		.cfi_offset 14, -4
 206 0002 84B0     		sub	sp, sp, #16
 207              		.cfi_def_cfa_offset 24
 208 0004 00AF     		add	r7, sp, #0
 209              		.cfi_def_cfa_register 7
 210 0006 7860     		str	r0, [r7, #4]
 211 0008 3960     		str	r1, [r7]
  92:.\functionsCozir.c **** 		COZIR_SpiUartClearRxBuffer();
 212              		.loc 1 92 0
 213 000a FFF7FEFF 		bl	COZIR_SpiUartClearRxBuffer
  93:.\functionsCozir.c **** 
  94:.\functionsCozir.c **** 		COZIR_UartPutChar(RD_CO2_PPM_CMD);
 214              		.loc 1 94 0
 215 000e 5A20     		mov	r0, #90
 216 0010 FFF7FEFF 		bl	COZIR_SpiUartWriteTxData
  95:.\functionsCozir.c **** 		COZIR_UartPutString(strEnd);
 217              		.loc 1 95 0
 218 0014 354B     		ldr	r3, .L27
 219 0016 1B68     		ldr	r3, [r3]
 220 0018 181C     		mov	r0, r3
 221 001a FFF7FEFF 		bl	COZIR_UartPutString
  96:.\functionsCozir.c **** 		while(COZIR_SpiUartGetRxBufferSize()<RESPONSE_MIN_SIZE)
 222              		.loc 1 96 0
 223 001e C046     		mov	r8, r8
 224              	.L16:
 225              		.loc 1 96 0 is_stmt 0 discriminator 1
 226 0020 FFF7FEFF 		bl	COZIR_SpiUartGetRxBufferSize
 227 0024 031C     		mov	r3, r0
 228 0026 022B     		cmp	r3, #2
 229 0028 FAD9     		bls	.L16
  97:.\functionsCozir.c **** 		{}
  98:.\functionsCozir.c **** 		uint8 index = 0u;
 230              		.loc 1 98 0 is_stmt 1
 231 002a 3B1C     		mov	r3, r7
 232 002c 0F33     		add	r3, r3, #15
 233 002e 0022     		mov	r2, #0
 234 0030 1A70     		strb	r2, [r3]
  99:.\functionsCozir.c **** 		uint8 j;
 100:.\functionsCozir.c **** 		for(j=0u;j<50u;++j)
 235              		.loc 1 100 0
 236 0032 3B1C     		mov	r3, r7
 237 0034 0E33     		add	r3, r3, #14
 238 0036 0022     		mov	r2, #0
 239 0038 1A70     		strb	r2, [r3]
 240 003a 4DE0     		b	.L17
ARM GAS  C:\Users\ksoneda\AppData\Local\Temp\ccTzxrXy.s 			page 7


 241              	.L25:
 242              	.LBB3:
 101:.\functionsCozir.c **** 		{
 102:.\functionsCozir.c **** 			uint8 val = COZIR_UartGetChar();
 243              		.loc 1 102 0
 244 003c FFF7FEFF 		bl	COZIR_UartGetChar
 245 0040 021C     		mov	r2, r0
 246 0042 3B1C     		mov	r3, r7
 247 0044 0D33     		add	r3, r3, #13
 248 0046 1A70     		strb	r2, [r3]
 103:.\functionsCozir.c **** 			switch(val)
 249              		.loc 1 103 0
 250 0048 3B1C     		mov	r3, r7
 251 004a 0D33     		add	r3, r3, #13
 252 004c 1B78     		ldrb	r3, [r3]
 253 004e 0D2B     		cmp	r3, #13
 254 0050 0DD0     		beq	.L19
 255 0052 3F2B     		cmp	r3, #63
 256 0054 18D0     		beq	.L20
 257 0056 002B     		cmp	r3, #0
 258 0058 1BD1     		bne	.L26
 104:.\functionsCozir.c **** 			{
 105:.\functionsCozir.c **** 				case 0u:
 106:.\functionsCozir.c **** 				{
 107:.\functionsCozir.c **** 					if(COZIR_SpiUartGetRxBufferSize()<1u)
 259              		.loc 1 107 0
 260 005a FFF7FEFF 		bl	COZIR_SpiUartGetRxBufferSize
 261 005e 031C     		mov	r3, r0
 262 0060 002B     		cmp	r3, #0
 263 0062 03D1     		bne	.L22
 108:.\functionsCozir.c **** 					{
 109:.\functionsCozir.c **** 						CyDelay(100u);
 264              		.loc 1 109 0
 265 0064 6420     		mov	r0, #100
 266 0066 FFF7FEFF 		bl	CyDelay
 110:.\functionsCozir.c **** 					}
 111:.\functionsCozir.c **** 				}
 112:.\functionsCozir.c **** 				break;
 267              		.loc 1 112 0
 268 006a 2EE0     		b	.L23
 269              	.L22:
 270 006c 2DE0     		b	.L23
 271              	.L19:
 113:.\functionsCozir.c **** 				
 114:.\functionsCozir.c **** 				case CR_END_CHAR:
 115:.\functionsCozir.c **** 				{
 116:.\functionsCozir.c **** 					*(state) = IDLE_STATE;
 272              		.loc 1 116 0
 273 006e 3B68     		ldr	r3, [r7]
 274 0070 0122     		mov	r2, #1
 275 0072 1A70     		strb	r2, [r3]
 117:.\functionsCozir.c **** 					return ConvertDigitsToU16(array,index);
 276              		.loc 1 117 0
 277 0074 7A68     		ldr	r2, [r7, #4]
 278 0076 3B1C     		mov	r3, r7
 279 0078 0F33     		add	r3, r3, #15
 280 007a 1B78     		ldrb	r3, [r3]
ARM GAS  C:\Users\ksoneda\AppData\Local\Temp\ccTzxrXy.s 			page 8


 281 007c 101C     		mov	r0, r2
 282 007e 191C     		mov	r1, r3
 283 0080 FFF7FEFF 		bl	ConvertDigitsToU16
 284 0084 031C     		mov	r3, r0
 285 0086 2DE0     		b	.L24
 286              	.L20:
 118:.\functionsCozir.c **** 				}
 119:.\functionsCozir.c **** 				break;
 120:.\functionsCozir.c **** 				
 121:.\functionsCozir.c **** 				case UNKNOWN_CMD:
 122:.\functionsCozir.c **** 				{
 123:.\functionsCozir.c **** 					//XBee_PutChar(val); // test
 124:.\functionsCozir.c **** 					*(state) = IDLE_STATE;
 287              		.loc 1 124 0
 288 0088 3B68     		ldr	r3, [r7]
 289 008a 0122     		mov	r2, #1
 290 008c 1A70     		strb	r2, [r3]
 125:.\functionsCozir.c **** 					return 0u;
 291              		.loc 1 125 0
 292 008e 0023     		mov	r3, #0
 293 0090 28E0     		b	.L24
 294              	.L26:
 126:.\functionsCozir.c **** 				}
 127:.\functionsCozir.c **** 				break;
 128:.\functionsCozir.c **** 
 129:.\functionsCozir.c **** 				default:
 130:.\functionsCozir.c **** 				{
 131:.\functionsCozir.c **** 					if((val < 58u)&&(val > 47u))// IF w/in '0' to '9' ASCII digit range
 295              		.loc 1 131 0
 296 0092 3B1C     		mov	r3, r7
 297 0094 0D33     		add	r3, r3, #13
 298 0096 1B78     		ldrb	r3, [r3]
 299 0098 392B     		cmp	r3, #57
 300 009a 16D8     		bhi	.L23
 301              		.loc 1 131 0 is_stmt 0 discriminator 1
 302 009c 3B1C     		mov	r3, r7
 303 009e 0D33     		add	r3, r3, #13
 304 00a0 1B78     		ldrb	r3, [r3]
 305 00a2 2F2B     		cmp	r3, #47
 306 00a4 11D9     		bls	.L23
 132:.\functionsCozir.c **** 					{
 133:.\functionsCozir.c **** 						*(array+index) = val-48u; //add code to subtract '0' from each value before storing
 307              		.loc 1 133 0 is_stmt 1
 308 00a6 3B1C     		mov	r3, r7
 309 00a8 0F33     		add	r3, r3, #15
 310 00aa 1B78     		ldrb	r3, [r3]
 311 00ac 7A68     		ldr	r2, [r7, #4]
 312 00ae D318     		add	r3, r2, r3
 313 00b0 3A1C     		mov	r2, r7
 314 00b2 0D32     		add	r2, r2, #13
 315 00b4 1278     		ldrb	r2, [r2]
 316 00b6 303A     		sub	r2, r2, #48
 317 00b8 D2B2     		uxtb	r2, r2
 318 00ba 1A70     		strb	r2, [r3]
 134:.\functionsCozir.c **** 	//					XBee_PutChar(val-48u); //test
 135:.\functionsCozir.c **** 						index += 1u;
 319              		.loc 1 135 0
ARM GAS  C:\Users\ksoneda\AppData\Local\Temp\ccTzxrXy.s 			page 9


 320 00bc 3B1C     		mov	r3, r7
 321 00be 0F33     		add	r3, r3, #15
 322 00c0 3A1C     		mov	r2, r7
 323 00c2 0F32     		add	r2, r2, #15
 324 00c4 1278     		ldrb	r2, [r2]
 325 00c6 0132     		add	r2, r2, #1
 326 00c8 1A70     		strb	r2, [r3]
 327              	.L23:
 328              	.LBE3:
 100:.\functionsCozir.c **** 		for(j=0u;j<50u;++j)
 329              		.loc 1 100 0
 330 00ca 3B1C     		mov	r3, r7
 331 00cc 0E33     		add	r3, r3, #14
 332 00ce 3A1C     		mov	r2, r7
 333 00d0 0E32     		add	r2, r2, #14
 334 00d2 1278     		ldrb	r2, [r2]
 335 00d4 0132     		add	r2, r2, #1
 336 00d6 1A70     		strb	r2, [r3]
 337              	.L17:
 100:.\functionsCozir.c **** 		for(j=0u;j<50u;++j)
 338              		.loc 1 100 0 is_stmt 0 discriminator 1
 339 00d8 3B1C     		mov	r3, r7
 340 00da 0E33     		add	r3, r3, #14
 341 00dc 1B78     		ldrb	r3, [r3]
 342 00de 312B     		cmp	r3, #49
 343 00e0 ACD9     		bls	.L25
 136:.\functionsCozir.c **** 					}
 137:.\functionsCozir.c **** 				}		
 138:.\functionsCozir.c **** 			}//end of switch-case
 139:.\functionsCozir.c **** 		}// end of FOR loop (j)
 140:.\functionsCozir.c **** 		return 0u;
 344              		.loc 1 140 0 is_stmt 1
 345 00e2 0023     		mov	r3, #0
 346              	.L24:
 141:.\functionsCozir.c **** 	}
 347              		.loc 1 141 0
 348 00e4 181C     		mov	r0, r3
 349 00e6 BD46     		mov	sp, r7
 350 00e8 04B0     		add	sp, sp, #16
 351              		@ sp needed
 352 00ea 80BD     		pop	{r7, pc}
 353              	.L28:
 354              		.align	2
 355              	.L27:
 356 00ec 00000000 		.word	strEnd
 357              		.cfi_endproc
 358              	.LFE36:
 359              		.size	ReadCO2_2, .-ReadCO2_2
 360              		.section	.rodata
 361 0003 00       		.align	2
 362              	.LC3:
 363 0004 4B2000   		.ascii	"K \000"
 364 0007 00       		.section	.text.Cozir_WriteMode,"ax",%progbits
 365              		.align	2
 366              		.global	Cozir_WriteMode
 367              		.code	16
 368              		.thumb_func
ARM GAS  C:\Users\ksoneda\AppData\Local\Temp\ccTzxrXy.s 			page 10


 369              		.type	Cozir_WriteMode, %function
 370              	Cozir_WriteMode:
 371              	.LFB37:
 142:.\functionsCozir.c **** 
 143:.\functionsCozir.c **** 	//Base function for sending cmds to COZIR
 144:.\functionsCozir.c **** 	uint8 Cozir_WriteMode(uint8 mode, uint8 *response)
 145:.\functionsCozir.c **** 	{
 372              		.loc 1 145 0
 373              		.cfi_startproc
 374 0000 80B5     		push	{r7, lr}
 375              		.cfi_def_cfa_offset 8
 376              		.cfi_offset 7, -8
 377              		.cfi_offset 14, -4
 378 0002 86B0     		sub	sp, sp, #24
 379              		.cfi_def_cfa_offset 32
 380 0004 00AF     		add	r7, sp, #0
 381              		.cfi_def_cfa_register 7
 382 0006 021C     		mov	r2, r0
 383 0008 3960     		str	r1, [r7]
 384 000a FB1D     		add	r3, r7, #7
 385 000c 1A70     		strb	r2, [r3]
 146:.\functionsCozir.c **** 		const char *strMode = "K ";
 386              		.loc 1 146 0
 387 000e 2C4B     		ldr	r3, .L40
 388 0010 3B61     		str	r3, [r7, #16]
 147:.\functionsCozir.c **** 
 148:.\functionsCozir.c **** 		
 149:.\functionsCozir.c **** 		//GREEN_Write(ON_LED);
 150:.\functionsCozir.c **** 		COZIR_SpiUartClearRxBuffer();
 389              		.loc 1 150 0
 390 0012 FFF7FEFF 		bl	COZIR_SpiUartClearRxBuffer
 151:.\functionsCozir.c **** 		
 152:.\functionsCozir.c **** 		COZIR_UartPutString(strMode);
 391              		.loc 1 152 0
 392 0016 3B69     		ldr	r3, [r7, #16]
 393 0018 181C     		mov	r0, r3
 394 001a FFF7FEFF 		bl	COZIR_UartPutString
 153:.\functionsCozir.c **** 		COZIR_UartPutChar(mode);
 395              		.loc 1 153 0
 396 001e FB1D     		add	r3, r7, #7
 397 0020 1B78     		ldrb	r3, [r3]
 398 0022 181C     		mov	r0, r3
 399 0024 FFF7FEFF 		bl	COZIR_SpiUartWriteTxData
 154:.\functionsCozir.c **** 		COZIR_UartPutString(strEnd);
 400              		.loc 1 154 0
 401 0028 264B     		ldr	r3, .L40+4
 402 002a 1B68     		ldr	r3, [r3]
 403 002c 181C     		mov	r0, r3
 404 002e FFF7FEFF 		bl	COZIR_UartPutString
 155:.\functionsCozir.c **** 
 156:.\functionsCozir.c **** 		while(COZIR_SpiUartGetRxBufferSize()<RESPONSE_MIN_SIZE)
 405              		.loc 1 156 0
 406 0032 C046     		mov	r8, r8
 407              	.L30:
 408              		.loc 1 156 0 is_stmt 0 discriminator 1
 409 0034 FFF7FEFF 		bl	COZIR_SpiUartGetRxBufferSize
 410 0038 031C     		mov	r3, r0
ARM GAS  C:\Users\ksoneda\AppData\Local\Temp\ccTzxrXy.s 			page 11


 411 003a 022B     		cmp	r3, #2
 412 003c FAD9     		bls	.L30
 157:.\functionsCozir.c **** 		{}
 158:.\functionsCozir.c **** 		
 159:.\functionsCozir.c **** 		uint8 last= 0u;
 413              		.loc 1 159 0 is_stmt 1
 414 003e 3B1C     		mov	r3, r7
 415 0040 1733     		add	r3, r3, #23
 416 0042 0022     		mov	r2, #0
 417 0044 1A70     		strb	r2, [r3]
 160:.\functionsCozir.c **** 		uint8 j;
 161:.\functionsCozir.c **** 		for(j=0u;j<50u;++j)
 418              		.loc 1 161 0
 419 0046 3B1C     		mov	r3, r7
 420 0048 1633     		add	r3, r3, #22
 421 004a 0022     		mov	r2, #0
 422 004c 1A70     		strb	r2, [r3]
 423 004e 2DE0     		b	.L31
 424              	.L38:
 425              	.LBB4:
 162:.\functionsCozir.c **** 		{
 163:.\functionsCozir.c **** 			uint8 val = COZIR_UartGetChar();
 426              		.loc 1 163 0
 427 0050 FFF7FEFF 		bl	COZIR_UartGetChar
 428 0054 021C     		mov	r2, r0
 429 0056 3B1C     		mov	r3, r7
 430 0058 0F33     		add	r3, r3, #15
 431 005a 1A70     		strb	r2, [r3]
 164:.\functionsCozir.c **** 			switch(val)
 432              		.loc 1 164 0
 433 005c 3B1C     		mov	r3, r7
 434 005e 0F33     		add	r3, r3, #15
 435 0060 1B78     		ldrb	r3, [r3]
 436 0062 0D2B     		cmp	r3, #13
 437 0064 07D0     		beq	.L33
 438 0066 3F2B     		cmp	r3, #63
 439 0068 0CD0     		beq	.L34
 440 006a 002B     		cmp	r3, #0
 441 006c 11D1     		bne	.L39
 165:.\functionsCozir.c **** 			{
 166:.\functionsCozir.c **** 				case 0u:
 167:.\functionsCozir.c **** 				{
 168:.\functionsCozir.c **** 					CyDelay(50);
 442              		.loc 1 168 0
 443 006e 3220     		mov	r0, #50
 444 0070 FFF7FEFF 		bl	CyDelay
 169:.\functionsCozir.c **** 				}
 170:.\functionsCozir.c **** 				break;
 445              		.loc 1 170 0
 446 0074 13E0     		b	.L36
 447              	.L33:
 171:.\functionsCozir.c **** 				
 172:.\functionsCozir.c **** 				case CR_END_CHAR: // '\r' ASCII char
 173:.\functionsCozir.c **** 				{
 174:.\functionsCozir.c **** 					#ifdef XBEE_IS_ENABLED
 175:.\functionsCozir.c **** 						if(last == mode)
 176:.\functionsCozir.c **** 						{
ARM GAS  C:\Users\ksoneda\AppData\Local\Temp\ccTzxrXy.s 			page 12


 177:.\functionsCozir.c **** 							XBee_PutChar(COZIR_STANDBY_STATE);
 178:.\functionsCozir.c **** 							XBee_PutChar(COZIR_STANDBY_STATE);
 179:.\functionsCozir.c **** 							XBee_PutChar(last);
 180:.\functionsCozir.c **** 						}
 181:.\functionsCozir.c **** 					#endif
 182:.\functionsCozir.c **** 					*(response) = last;
 448              		.loc 1 182 0
 449 0076 3B68     		ldr	r3, [r7]
 450 0078 3A1C     		mov	r2, r7
 451 007a 1732     		add	r2, r2, #23
 452 007c 1278     		ldrb	r2, [r2]
 453 007e 1A70     		strb	r2, [r3]
 183:.\functionsCozir.c **** 					return IDLE_STATE;
 454              		.loc 1 183 0
 455 0080 0123     		mov	r3, #1
 456 0082 19E0     		b	.L37
 457              	.L34:
 184:.\functionsCozir.c **** 					
 185:.\functionsCozir.c **** 					//break;
 186:.\functionsCozir.c **** 				}
 187:.\functionsCozir.c **** 				break;
 188:.\functionsCozir.c **** 				
 189:.\functionsCozir.c **** 				case UNKNOWN_CMD:
 190:.\functionsCozir.c **** 				{
 191:.\functionsCozir.c **** 					#ifdef XBEE_IS_ENABLED
 192:.\functionsCozir.c **** 
 193:.\functionsCozir.c **** 						XBee_PutChar(COZIR_STANDBY_STATE);
 194:.\functionsCozir.c **** 						XBee_PutChar(COZIR_STANDBY_STATE);
 195:.\functionsCozir.c **** 						XBee_PutChar(UNKNOWN_CMD);
 196:.\functionsCozir.c **** 						
 197:.\functionsCozir.c **** 					#endif
 198:.\functionsCozir.c **** 					
 199:.\functionsCozir.c **** 					*(response) = val; 
 458              		.loc 1 199 0
 459 0084 3B68     		ldr	r3, [r7]
 460 0086 3A1C     		mov	r2, r7
 461 0088 0F32     		add	r2, r2, #15
 462 008a 1278     		ldrb	r2, [r2]
 463 008c 1A70     		strb	r2, [r3]
 200:.\functionsCozir.c **** 					return IDLE_STATE;
 464              		.loc 1 200 0
 465 008e 0123     		mov	r3, #1
 466 0090 12E0     		b	.L37
 467              	.L39:
 201:.\functionsCozir.c **** 					//break;
 202:.\functionsCozir.c **** 				}
 203:.\functionsCozir.c **** 				break;
 204:.\functionsCozir.c **** 
 205:.\functionsCozir.c **** 				default:
 206:.\functionsCozir.c **** 				{
 207:.\functionsCozir.c **** 					last = val;
 468              		.loc 1 207 0
 469 0092 3B1C     		mov	r3, r7
 470 0094 1733     		add	r3, r3, #23
 471 0096 3A1C     		mov	r2, r7
 472 0098 0F32     		add	r2, r2, #15
 473 009a 1278     		ldrb	r2, [r2]
ARM GAS  C:\Users\ksoneda\AppData\Local\Temp\ccTzxrXy.s 			page 13


 474 009c 1A70     		strb	r2, [r3]
 475              	.L36:
 476              	.LBE4:
 161:.\functionsCozir.c **** 		for(j=0u;j<50u;++j)
 477              		.loc 1 161 0
 478 009e 3B1C     		mov	r3, r7
 479 00a0 1633     		add	r3, r3, #22
 480 00a2 3A1C     		mov	r2, r7
 481 00a4 1632     		add	r2, r2, #22
 482 00a6 1278     		ldrb	r2, [r2]
 483 00a8 0132     		add	r2, r2, #1
 484 00aa 1A70     		strb	r2, [r3]
 485              	.L31:
 161:.\functionsCozir.c **** 		for(j=0u;j<50u;++j)
 486              		.loc 1 161 0 is_stmt 0 discriminator 1
 487 00ac 3B1C     		mov	r3, r7
 488 00ae 1633     		add	r3, r3, #22
 489 00b0 1B78     		ldrb	r3, [r3]
 490 00b2 312B     		cmp	r3, #49
 491 00b4 CCD9     		bls	.L38
 208:.\functionsCozir.c **** 				}
 209:.\functionsCozir.c **** 			}//end of switch-case
 210:.\functionsCozir.c **** 		}// end of FOR loop (j)
 211:.\functionsCozir.c **** 		return IDLE_STATE;
 492              		.loc 1 211 0 is_stmt 1
 493 00b6 0123     		mov	r3, #1
 494              	.L37:
 212:.\functionsCozir.c **** 	}
 495              		.loc 1 212 0
 496 00b8 181C     		mov	r0, r3
 497 00ba BD46     		mov	sp, r7
 498 00bc 06B0     		add	sp, sp, #24
 499              		@ sp needed
 500 00be 80BD     		pop	{r7, pc}
 501              	.L41:
 502              		.align	2
 503              	.L40:
 504 00c0 04000000 		.word	.LC3
 505 00c4 00000000 		.word	strEnd
 506              		.cfi_endproc
 507              	.LFE37:
 508              		.size	Cozir_WriteMode, .-Cozir_WriteMode
 509              		.text
 510              	.Letext0:
 511              		.file 2 ".\\Generated_Source\\PSoC4/cytypes.h"
 512              		.file 3 ".\\Generated_Source\\PSoC4/BLE_Stack.h"
 513              		.section	.debug_info,"",%progbits
 514              	.Ldebug_info0:
 515 0000 7D030000 		.4byte	0x37d
 516 0004 0400     		.2byte	0x4
 517 0006 00000000 		.4byte	.Ldebug_abbrev0
 518 000a 04       		.byte	0x4
 519 000b 01       		.uleb128 0x1
 520 000c F8070000 		.4byte	.LASF81
 521 0010 01       		.byte	0x1
 522 0011 80070000 		.4byte	.LASF82
 523 0015 C9010000 		.4byte	.LASF83
ARM GAS  C:\Users\ksoneda\AppData\Local\Temp\ccTzxrXy.s 			page 14


 524 0019 00000000 		.4byte	.Ldebug_ranges0+0
 525 001d 00000000 		.4byte	0
 526 0021 00000000 		.4byte	.Ldebug_line0
 527 0025 02       		.uleb128 0x2
 528 0026 01       		.byte	0x1
 529 0027 06       		.byte	0x6
 530 0028 03040000 		.4byte	.LASF0
 531 002c 02       		.uleb128 0x2
 532 002d 01       		.byte	0x1
 533 002e 08       		.byte	0x8
 534 002f B8030000 		.4byte	.LASF1
 535 0033 02       		.uleb128 0x2
 536 0034 02       		.byte	0x2
 537 0035 05       		.byte	0x5
 538 0036 41000000 		.4byte	.LASF2
 539 003a 02       		.uleb128 0x2
 540 003b 02       		.byte	0x2
 541 003c 07       		.byte	0x7
 542 003d FB040000 		.4byte	.LASF3
 543 0041 02       		.uleb128 0x2
 544 0042 04       		.byte	0x4
 545 0043 05       		.byte	0x5
 546 0044 82020000 		.4byte	.LASF4
 547 0048 02       		.uleb128 0x2
 548 0049 04       		.byte	0x4
 549 004a 07       		.byte	0x7
 550 004b 94040000 		.4byte	.LASF5
 551 004f 02       		.uleb128 0x2
 552 0050 08       		.byte	0x8
 553 0051 05       		.byte	0x5
 554 0052 5D020000 		.4byte	.LASF6
 555 0056 02       		.uleb128 0x2
 556 0057 08       		.byte	0x8
 557 0058 07       		.byte	0x7
 558 0059 6B020000 		.4byte	.LASF7
 559 005d 03       		.uleb128 0x3
 560 005e 04       		.byte	0x4
 561 005f 05       		.byte	0x5
 562 0060 696E7400 		.ascii	"int\000"
 563 0064 02       		.uleb128 0x2
 564 0065 04       		.byte	0x4
 565 0066 07       		.byte	0x7
 566 0067 6C040000 		.4byte	.LASF8
 567 006b 04       		.uleb128 0x4
 568 006c 8C030000 		.4byte	.LASF9
 569 0070 02       		.byte	0x2
 570 0071 A1       		.byte	0xa1
 571 0072 2C000000 		.4byte	0x2c
 572 0076 04       		.uleb128 0x4
 573 0077 12010000 		.4byte	.LASF10
 574 007b 02       		.byte	0x2
 575 007c A2       		.byte	0xa2
 576 007d 3A000000 		.4byte	0x3a
 577 0081 04       		.uleb128 0x4
 578 0082 C2050000 		.4byte	.LASF11
 579 0086 02       		.byte	0x2
 580 0087 A3       		.byte	0xa3
ARM GAS  C:\Users\ksoneda\AppData\Local\Temp\ccTzxrXy.s 			page 15


 581 0088 48000000 		.4byte	0x48
 582 008c 02       		.uleb128 0x2
 583 008d 04       		.byte	0x4
 584 008e 04       		.byte	0x4
 585 008f C3010000 		.4byte	.LASF12
 586 0093 02       		.uleb128 0x2
 587 0094 08       		.byte	0x8
 588 0095 04       		.byte	0x4
 589 0096 0A060000 		.4byte	.LASF13
 590 009a 02       		.uleb128 0x2
 591 009b 01       		.byte	0x1
 592 009c 08       		.byte	0x8
 593 009d 40050000 		.4byte	.LASF14
 594 00a1 02       		.uleb128 0x2
 595 00a2 04       		.byte	0x4
 596 00a3 07       		.byte	0x7
 597 00a4 83000000 		.4byte	.LASF15
 598 00a8 05       		.uleb128 0x5
 599 00a9 04       		.byte	0x4
 600 00aa AE000000 		.4byte	0xae
 601 00ae 06       		.uleb128 0x6
 602 00af 9A000000 		.4byte	0x9a
 603 00b3 07       		.uleb128 0x7
 604 00b4 01       		.byte	0x1
 605 00b5 03       		.byte	0x3
 606 00b6 52       		.byte	0x52
 607 00b7 23020000 		.4byte	0x223
 608 00bb 08       		.uleb128 0x8
 609 00bc 83010000 		.4byte	.LASF16
 610 00c0 00       		.sleb128 0
 611 00c1 08       		.uleb128 0x8
 612 00c2 E1000000 		.4byte	.LASF17
 613 00c6 01       		.sleb128 1
 614 00c7 08       		.uleb128 0x8
 615 00c8 26070000 		.4byte	.LASF18
 616 00cc 02       		.sleb128 2
 617 00cd 08       		.uleb128 0x8
 618 00ce 47060000 		.4byte	.LASF19
 619 00d2 03       		.sleb128 3
 620 00d3 08       		.uleb128 0x8
 621 00d4 AB000000 		.4byte	.LASF20
 622 00d8 04       		.sleb128 4
 623 00d9 08       		.uleb128 0x8
 624 00da 14030000 		.4byte	.LASF21
 625 00de 05       		.sleb128 5
 626 00df 08       		.uleb128 0x8
 627 00e0 61050000 		.4byte	.LASF22
 628 00e4 20       		.sleb128 32
 629 00e5 08       		.uleb128 0x8
 630 00e6 A6040000 		.4byte	.LASF23
 631 00ea 21       		.sleb128 33
 632 00eb 08       		.uleb128 0x8
 633 00ec 07000000 		.4byte	.LASF24
 634 00f0 22       		.sleb128 34
 635 00f1 08       		.uleb128 0x8
 636 00f2 30030000 		.4byte	.LASF25
 637 00f6 23       		.sleb128 35
ARM GAS  C:\Users\ksoneda\AppData\Local\Temp\ccTzxrXy.s 			page 16


 638 00f7 08       		.uleb128 0x8
 639 00f8 50040000 		.4byte	.LASF26
 640 00fc 24       		.sleb128 36
 641 00fd 08       		.uleb128 0x8
 642 00fe 4B000000 		.4byte	.LASF27
 643 0102 25       		.sleb128 37
 644 0103 08       		.uleb128 0x8
 645 0104 CB020000 		.4byte	.LASF28
 646 0108 26       		.sleb128 38
 647 0109 08       		.uleb128 0x8
 648 010a AC020000 		.4byte	.LASF29
 649 010e 27       		.sleb128 39
 650 010f 08       		.uleb128 0x8
 651 0110 B2070000 		.4byte	.LASF30
 652 0114 28       		.sleb128 40
 653 0115 08       		.uleb128 0x8
 654 0116 DE040000 		.4byte	.LASF31
 655 011a 29       		.sleb128 41
 656 011b 08       		.uleb128 0x8
 657 011c 17050000 		.4byte	.LASF32
 658 0120 2A       		.sleb128 42
 659 0121 08       		.uleb128 0x8
 660 0122 5C070000 		.4byte	.LASF33
 661 0126 2B       		.sleb128 43
 662 0127 08       		.uleb128 0x8
 663 0128 1F010000 		.4byte	.LASF34
 664 012c 2C       		.sleb128 44
 665 012d 08       		.uleb128 0x8
 666 012e 8C000000 		.4byte	.LASF35
 667 0132 C000     		.sleb128 64
 668 0134 08       		.uleb128 0x8
 669 0135 79040000 		.4byte	.LASF36
 670 0139 C100     		.sleb128 65
 671 013b 08       		.uleb128 0x8
 672 013c 65000000 		.4byte	.LASF37
 673 0140 C200     		.sleb128 66
 674 0142 08       		.uleb128 0x8
 675 0143 F4000000 		.4byte	.LASF38
 676 0147 C300     		.sleb128 67
 677 0149 08       		.uleb128 0x8
 678 014a 08070000 		.4byte	.LASF39
 679 014e C400     		.sleb128 68
 680 0150 08       		.uleb128 0x8
 681 0151 C3060000 		.4byte	.LASF40
 682 0155 C500     		.sleb128 69
 683 0157 08       		.uleb128 0x8
 684 0158 C0000000 		.4byte	.LASF41
 685 015c C600     		.sleb128 70
 686 015e 08       		.uleb128 0x8
 687 015f E5030000 		.4byte	.LASF42
 688 0163 C700     		.sleb128 71
 689 0165 08       		.uleb128 0x8
 690 0166 29040000 		.4byte	.LASF43
 691 016a C800     		.sleb128 72
 692 016c 08       		.uleb128 0x8
 693 016d 2A020000 		.4byte	.LASF44
 694 0171 C900     		.sleb128 73
ARM GAS  C:\Users\ksoneda\AppData\Local\Temp\ccTzxrXy.s 			page 17


 695 0173 08       		.uleb128 0x8
 696 0174 85050000 		.4byte	.LASF45
 697 0178 CA00     		.sleb128 74
 698 017a 08       		.uleb128 0x8
 699 017b 43010000 		.4byte	.LASF46
 700 017f CB00     		.sleb128 75
 701 0181 08       		.uleb128 0x8
 702 0182 0F040000 		.4byte	.LASF47
 703 0186 CC00     		.sleb128 76
 704 0188 08       		.uleb128 0x8
 705 0189 43020000 		.4byte	.LASF48
 706 018d CD00     		.sleb128 77
 707 018f 08       		.uleb128 0x8
 708 0190 EA060000 		.4byte	.LASF49
 709 0194 CE00     		.sleb128 78
 710 0196 08       		.uleb128 0x8
 711 0197 C6030000 		.4byte	.LASF50
 712 019b CF00     		.sleb128 79
 713 019d 08       		.uleb128 0x8
 714 019e 93070000 		.4byte	.LASF51
 715 01a2 D000     		.sleb128 80
 716 01a4 08       		.uleb128 0x8
 717 01a5 A3050000 		.4byte	.LASF52
 718 01a9 D100     		.sleb128 81
 719 01ab 08       		.uleb128 0x8
 720 01ac F3020000 		.4byte	.LASF53
 721 01b0 D200     		.sleb128 82
 722 01b2 08       		.uleb128 0x8
 723 01b3 8B020000 		.4byte	.LASF54
 724 01b7 D300     		.sleb128 83
 725 01b9 08       		.uleb128 0x8
 726 01ba 62010000 		.4byte	.LASF55
 727 01be D400     		.sleb128 84
 728 01c0 08       		.uleb128 0x8
 729 01c1 D4070000 		.4byte	.LASF56
 730 01c5 D500     		.sleb128 85
 731 01c7 08       		.uleb128 0x8
 732 01c8 92030000 		.4byte	.LASF57
 733 01cc F000     		.sleb128 112
 734 01ce 08       		.uleb128 0x8
 735 01cf 7F060000 		.4byte	.LASF58
 736 01d3 F100     		.sleb128 113
 737 01d5 08       		.uleb128 0x8
 738 01d6 45050000 		.4byte	.LASF59
 739 01da F200     		.sleb128 114
 740 01dc 08       		.uleb128 0x8
 741 01dd A5060000 		.4byte	.LASF60
 742 01e1 F300     		.sleb128 115
 743 01e3 08       		.uleb128 0x8
 744 01e4 56030000 		.4byte	.LASF61
 745 01e8 F400     		.sleb128 116
 746 01ea 08       		.uleb128 0x8
 747 01eb BD040000 		.4byte	.LASF62
 748 01ef F500     		.sleb128 117
 749 01f1 08       		.uleb128 0x8
 750 01f2 A2010000 		.4byte	.LASF63
 751 01f6 F600     		.sleb128 118
ARM GAS  C:\Users\ksoneda\AppData\Local\Temp\ccTzxrXy.s 			page 18


 752 01f8 08       		.uleb128 0x8
 753 01f9 60060000 		.4byte	.LASF64
 754 01fd F700     		.sleb128 119
 755 01ff 08       		.uleb128 0x8
 756 0200 E7050000 		.4byte	.LASF65
 757 0204 F800     		.sleb128 120
 758 0206 08       		.uleb128 0x8
 759 0207 17060000 		.4byte	.LASF66
 760 020b F900     		.sleb128 121
 761 020d 08       		.uleb128 0x8
 762 020e 38070000 		.4byte	.LASF67
 763 0212 FA00     		.sleb128 122
 764 0214 08       		.uleb128 0x8
 765 0215 C9050000 		.4byte	.LASF68
 766 0219 FA01     		.sleb128 250
 767 021b 08       		.uleb128 0x8
 768 021c 7E030000 		.4byte	.LASF69
 769 0220 FF01     		.sleb128 255
 770 0222 00       		.byte	0
 771 0223 05       		.uleb128 0x5
 772 0224 04       		.byte	0x4
 773 0225 6B000000 		.4byte	0x6b
 774 0229 09       		.uleb128 0x9
 775 022a 9A010000 		.4byte	.LASF73
 776 022e 01       		.byte	0x1
 777 022f 15       		.byte	0x15
 778 0230 6B000000 		.4byte	0x6b
 779 0234 00000000 		.4byte	.LFB35
 780 0238 E4000000 		.4byte	.LFE35-.LFB35
 781 023c 01       		.uleb128 0x1
 782 023d 9C       		.byte	0x9c
 783 023e 91020000 		.4byte	0x291
 784 0242 0A       		.uleb128 0xa
 785 0243 11060000 		.4byte	.LASF70
 786 0247 01       		.byte	0x1
 787 0248 15       		.byte	0x15
 788 0249 23020000 		.4byte	0x223
 789 024d 02       		.uleb128 0x2
 790 024e 91       		.byte	0x91
 791 024f 6C       		.sleb128 -20
 792 0250 0A       		.uleb128 0xa
 793 0251 3A060000 		.4byte	.LASF71
 794 0255 01       		.byte	0x1
 795 0256 15       		.byte	0x15
 796 0257 23020000 		.4byte	0x223
 797 025b 02       		.uleb128 0x2
 798 025c 91       		.byte	0x91
 799 025d 68       		.sleb128 -24
 800 025e 0B       		.uleb128 0xb
 801 025f 19010000 		.4byte	.LASF72
 802 0263 01       		.byte	0x1
 803 0264 1E       		.byte	0x1e
 804 0265 6B000000 		.4byte	0x6b
 805 0269 02       		.uleb128 0x2
 806 026a 91       		.byte	0x91
 807 026b 77       		.sleb128 -9
 808 026c 0C       		.uleb128 0xc
ARM GAS  C:\Users\ksoneda\AppData\Local\Temp\ccTzxrXy.s 			page 19


 809 026d 6A00     		.ascii	"j\000"
 810 026f 01       		.byte	0x1
 811 0270 1F       		.byte	0x1f
 812 0271 6B000000 		.4byte	0x6b
 813 0275 02       		.uleb128 0x2
 814 0276 91       		.byte	0x91
 815 0277 76       		.sleb128 -10
 816 0278 0D       		.uleb128 0xd
 817 0279 3C000000 		.4byte	.LBB2
 818 027d 82000000 		.4byte	.LBE2-.LBB2
 819 0281 0C       		.uleb128 0xc
 820 0282 76616C00 		.ascii	"val\000"
 821 0286 01       		.byte	0x1
 822 0287 22       		.byte	0x22
 823 0288 6B000000 		.4byte	0x6b
 824 028c 02       		.uleb128 0x2
 825 028d 91       		.byte	0x91
 826 028e 75       		.sleb128 -11
 827 028f 00       		.byte	0
 828 0290 00       		.byte	0
 829 0291 09       		.uleb128 0x9
 830 0292 74030000 		.4byte	.LASF74
 831 0296 01       		.byte	0x1
 832 0297 5A       		.byte	0x5a
 833 0298 76000000 		.4byte	0x76
 834 029c 00000000 		.4byte	.LFB36
 835 02a0 F0000000 		.4byte	.LFE36-.LFB36
 836 02a4 01       		.uleb128 0x1
 837 02a5 9C       		.byte	0x9c
 838 02a6 F9020000 		.4byte	0x2f9
 839 02aa 0A       		.uleb128 0xa
 840 02ab 11060000 		.4byte	.LASF70
 841 02af 01       		.byte	0x1
 842 02b0 5A       		.byte	0x5a
 843 02b1 23020000 		.4byte	0x223
 844 02b5 02       		.uleb128 0x2
 845 02b6 91       		.byte	0x91
 846 02b7 6C       		.sleb128 -20
 847 02b8 0A       		.uleb128 0xa
 848 02b9 2B000000 		.4byte	.LASF75
 849 02bd 01       		.byte	0x1
 850 02be 5A       		.byte	0x5a
 851 02bf 23020000 		.4byte	0x223
 852 02c3 02       		.uleb128 0x2
 853 02c4 91       		.byte	0x91
 854 02c5 68       		.sleb128 -24
 855 02c6 0B       		.uleb128 0xb
 856 02c7 19010000 		.4byte	.LASF72
 857 02cb 01       		.byte	0x1
 858 02cc 62       		.byte	0x62
 859 02cd 6B000000 		.4byte	0x6b
 860 02d1 02       		.uleb128 0x2
 861 02d2 91       		.byte	0x91
 862 02d3 77       		.sleb128 -9
 863 02d4 0C       		.uleb128 0xc
 864 02d5 6A00     		.ascii	"j\000"
 865 02d7 01       		.byte	0x1
ARM GAS  C:\Users\ksoneda\AppData\Local\Temp\ccTzxrXy.s 			page 20


 866 02d8 63       		.byte	0x63
 867 02d9 6B000000 		.4byte	0x6b
 868 02dd 02       		.uleb128 0x2
 869 02de 91       		.byte	0x91
 870 02df 76       		.sleb128 -10
 871 02e0 0D       		.uleb128 0xd
 872 02e1 3C000000 		.4byte	.LBB3
 873 02e5 8E000000 		.4byte	.LBE3-.LBB3
 874 02e9 0C       		.uleb128 0xc
 875 02ea 76616C00 		.ascii	"val\000"
 876 02ee 01       		.byte	0x1
 877 02ef 66       		.byte	0x66
 878 02f0 6B000000 		.4byte	0x6b
 879 02f4 02       		.uleb128 0x2
 880 02f5 91       		.byte	0x91
 881 02f6 75       		.sleb128 -11
 882 02f7 00       		.byte	0
 883 02f8 00       		.byte	0
 884 02f9 09       		.uleb128 0x9
 885 02fa 31000000 		.4byte	.LASF76
 886 02fe 01       		.byte	0x1
 887 02ff 90       		.byte	0x90
 888 0300 6B000000 		.4byte	0x6b
 889 0304 00000000 		.4byte	.LFB37
 890 0308 C8000000 		.4byte	.LFE37-.LFB37
 891 030c 01       		.uleb128 0x1
 892 030d 9C       		.byte	0x9c
 893 030e 6F030000 		.4byte	0x36f
 894 0312 0A       		.uleb128 0xa
 895 0313 A6000000 		.4byte	.LASF77
 896 0317 01       		.byte	0x1
 897 0318 90       		.byte	0x90
 898 0319 6B000000 		.4byte	0x6b
 899 031d 02       		.uleb128 0x2
 900 031e 91       		.byte	0x91
 901 031f 67       		.sleb128 -25
 902 0320 0A       		.uleb128 0xa
 903 0321 0E050000 		.4byte	.LASF78
 904 0325 01       		.byte	0x1
 905 0326 90       		.byte	0x90
 906 0327 23020000 		.4byte	0x223
 907 032b 02       		.uleb128 0x2
 908 032c 91       		.byte	0x91
 909 032d 60       		.sleb128 -32
 910 032e 0B       		.uleb128 0xb
 911 032f 3F060000 		.4byte	.LASF79
 912 0333 01       		.byte	0x1
 913 0334 92       		.byte	0x92
 914 0335 A8000000 		.4byte	0xa8
 915 0339 02       		.uleb128 0x2
 916 033a 91       		.byte	0x91
 917 033b 70       		.sleb128 -16
 918 033c 0B       		.uleb128 0xb
 919 033d 7B070000 		.4byte	.LASF80
 920 0341 01       		.byte	0x1
 921 0342 9F       		.byte	0x9f
 922 0343 6B000000 		.4byte	0x6b
ARM GAS  C:\Users\ksoneda\AppData\Local\Temp\ccTzxrXy.s 			page 21


 923 0347 02       		.uleb128 0x2
 924 0348 91       		.byte	0x91
 925 0349 77       		.sleb128 -9
 926 034a 0C       		.uleb128 0xc
 927 034b 6A00     		.ascii	"j\000"
 928 034d 01       		.byte	0x1
 929 034e A0       		.byte	0xa0
 930 034f 6B000000 		.4byte	0x6b
 931 0353 02       		.uleb128 0x2
 932 0354 91       		.byte	0x91
 933 0355 76       		.sleb128 -10
 934 0356 0D       		.uleb128 0xd
 935 0357 50000000 		.4byte	.LBB4
 936 035b 4E000000 		.4byte	.LBE4-.LBB4
 937 035f 0C       		.uleb128 0xc
 938 0360 76616C00 		.ascii	"val\000"
 939 0364 01       		.byte	0x1
 940 0365 A3       		.byte	0xa3
 941 0366 6B000000 		.4byte	0x6b
 942 036a 02       		.uleb128 0x2
 943 036b 91       		.byte	0x91
 944 036c 6F       		.sleb128 -17
 945 036d 00       		.byte	0
 946 036e 00       		.byte	0
 947 036f 0E       		.uleb128 0xe
 948 0370 00000000 		.4byte	.LASF84
 949 0374 01       		.byte	0x1
 950 0375 13       		.byte	0x13
 951 0376 A8000000 		.4byte	0xa8
 952 037a 05       		.uleb128 0x5
 953 037b 03       		.byte	0x3
 954 037c 00000000 		.4byte	strEnd
 955 0380 00       		.byte	0
 956              		.section	.debug_abbrev,"",%progbits
 957              	.Ldebug_abbrev0:
 958 0000 01       		.uleb128 0x1
 959 0001 11       		.uleb128 0x11
 960 0002 01       		.byte	0x1
 961 0003 25       		.uleb128 0x25
 962 0004 0E       		.uleb128 0xe
 963 0005 13       		.uleb128 0x13
 964 0006 0B       		.uleb128 0xb
 965 0007 03       		.uleb128 0x3
 966 0008 0E       		.uleb128 0xe
 967 0009 1B       		.uleb128 0x1b
 968 000a 0E       		.uleb128 0xe
 969 000b 55       		.uleb128 0x55
 970 000c 17       		.uleb128 0x17
 971 000d 11       		.uleb128 0x11
 972 000e 01       		.uleb128 0x1
 973 000f 10       		.uleb128 0x10
 974 0010 17       		.uleb128 0x17
 975 0011 00       		.byte	0
 976 0012 00       		.byte	0
 977 0013 02       		.uleb128 0x2
 978 0014 24       		.uleb128 0x24
 979 0015 00       		.byte	0
ARM GAS  C:\Users\ksoneda\AppData\Local\Temp\ccTzxrXy.s 			page 22


 980 0016 0B       		.uleb128 0xb
 981 0017 0B       		.uleb128 0xb
 982 0018 3E       		.uleb128 0x3e
 983 0019 0B       		.uleb128 0xb
 984 001a 03       		.uleb128 0x3
 985 001b 0E       		.uleb128 0xe
 986 001c 00       		.byte	0
 987 001d 00       		.byte	0
 988 001e 03       		.uleb128 0x3
 989 001f 24       		.uleb128 0x24
 990 0020 00       		.byte	0
 991 0021 0B       		.uleb128 0xb
 992 0022 0B       		.uleb128 0xb
 993 0023 3E       		.uleb128 0x3e
 994 0024 0B       		.uleb128 0xb
 995 0025 03       		.uleb128 0x3
 996 0026 08       		.uleb128 0x8
 997 0027 00       		.byte	0
 998 0028 00       		.byte	0
 999 0029 04       		.uleb128 0x4
 1000 002a 16       		.uleb128 0x16
 1001 002b 00       		.byte	0
 1002 002c 03       		.uleb128 0x3
 1003 002d 0E       		.uleb128 0xe
 1004 002e 3A       		.uleb128 0x3a
 1005 002f 0B       		.uleb128 0xb
 1006 0030 3B       		.uleb128 0x3b
 1007 0031 0B       		.uleb128 0xb
 1008 0032 49       		.uleb128 0x49
 1009 0033 13       		.uleb128 0x13
 1010 0034 00       		.byte	0
 1011 0035 00       		.byte	0
 1012 0036 05       		.uleb128 0x5
 1013 0037 0F       		.uleb128 0xf
 1014 0038 00       		.byte	0
 1015 0039 0B       		.uleb128 0xb
 1016 003a 0B       		.uleb128 0xb
 1017 003b 49       		.uleb128 0x49
 1018 003c 13       		.uleb128 0x13
 1019 003d 00       		.byte	0
 1020 003e 00       		.byte	0
 1021 003f 06       		.uleb128 0x6
 1022 0040 26       		.uleb128 0x26
 1023 0041 00       		.byte	0
 1024 0042 49       		.uleb128 0x49
 1025 0043 13       		.uleb128 0x13
 1026 0044 00       		.byte	0
 1027 0045 00       		.byte	0
 1028 0046 07       		.uleb128 0x7
 1029 0047 04       		.uleb128 0x4
 1030 0048 01       		.byte	0x1
 1031 0049 0B       		.uleb128 0xb
 1032 004a 0B       		.uleb128 0xb
 1033 004b 3A       		.uleb128 0x3a
 1034 004c 0B       		.uleb128 0xb
 1035 004d 3B       		.uleb128 0x3b
 1036 004e 0B       		.uleb128 0xb
ARM GAS  C:\Users\ksoneda\AppData\Local\Temp\ccTzxrXy.s 			page 23


 1037 004f 01       		.uleb128 0x1
 1038 0050 13       		.uleb128 0x13
 1039 0051 00       		.byte	0
 1040 0052 00       		.byte	0
 1041 0053 08       		.uleb128 0x8
 1042 0054 28       		.uleb128 0x28
 1043 0055 00       		.byte	0
 1044 0056 03       		.uleb128 0x3
 1045 0057 0E       		.uleb128 0xe
 1046 0058 1C       		.uleb128 0x1c
 1047 0059 0D       		.uleb128 0xd
 1048 005a 00       		.byte	0
 1049 005b 00       		.byte	0
 1050 005c 09       		.uleb128 0x9
 1051 005d 2E       		.uleb128 0x2e
 1052 005e 01       		.byte	0x1
 1053 005f 3F       		.uleb128 0x3f
 1054 0060 19       		.uleb128 0x19
 1055 0061 03       		.uleb128 0x3
 1056 0062 0E       		.uleb128 0xe
 1057 0063 3A       		.uleb128 0x3a
 1058 0064 0B       		.uleb128 0xb
 1059 0065 3B       		.uleb128 0x3b
 1060 0066 0B       		.uleb128 0xb
 1061 0067 27       		.uleb128 0x27
 1062 0068 19       		.uleb128 0x19
 1063 0069 49       		.uleb128 0x49
 1064 006a 13       		.uleb128 0x13
 1065 006b 11       		.uleb128 0x11
 1066 006c 01       		.uleb128 0x1
 1067 006d 12       		.uleb128 0x12
 1068 006e 06       		.uleb128 0x6
 1069 006f 40       		.uleb128 0x40
 1070 0070 18       		.uleb128 0x18
 1071 0071 9642     		.uleb128 0x2116
 1072 0073 19       		.uleb128 0x19
 1073 0074 01       		.uleb128 0x1
 1074 0075 13       		.uleb128 0x13
 1075 0076 00       		.byte	0
 1076 0077 00       		.byte	0
 1077 0078 0A       		.uleb128 0xa
 1078 0079 05       		.uleb128 0x5
 1079 007a 00       		.byte	0
 1080 007b 03       		.uleb128 0x3
 1081 007c 0E       		.uleb128 0xe
 1082 007d 3A       		.uleb128 0x3a
 1083 007e 0B       		.uleb128 0xb
 1084 007f 3B       		.uleb128 0x3b
 1085 0080 0B       		.uleb128 0xb
 1086 0081 49       		.uleb128 0x49
 1087 0082 13       		.uleb128 0x13
 1088 0083 02       		.uleb128 0x2
 1089 0084 18       		.uleb128 0x18
 1090 0085 00       		.byte	0
 1091 0086 00       		.byte	0
 1092 0087 0B       		.uleb128 0xb
 1093 0088 34       		.uleb128 0x34
ARM GAS  C:\Users\ksoneda\AppData\Local\Temp\ccTzxrXy.s 			page 24


 1094 0089 00       		.byte	0
 1095 008a 03       		.uleb128 0x3
 1096 008b 0E       		.uleb128 0xe
 1097 008c 3A       		.uleb128 0x3a
 1098 008d 0B       		.uleb128 0xb
 1099 008e 3B       		.uleb128 0x3b
 1100 008f 0B       		.uleb128 0xb
 1101 0090 49       		.uleb128 0x49
 1102 0091 13       		.uleb128 0x13
 1103 0092 02       		.uleb128 0x2
 1104 0093 18       		.uleb128 0x18
 1105 0094 00       		.byte	0
 1106 0095 00       		.byte	0
 1107 0096 0C       		.uleb128 0xc
 1108 0097 34       		.uleb128 0x34
 1109 0098 00       		.byte	0
 1110 0099 03       		.uleb128 0x3
 1111 009a 08       		.uleb128 0x8
 1112 009b 3A       		.uleb128 0x3a
 1113 009c 0B       		.uleb128 0xb
 1114 009d 3B       		.uleb128 0x3b
 1115 009e 0B       		.uleb128 0xb
 1116 009f 49       		.uleb128 0x49
 1117 00a0 13       		.uleb128 0x13
 1118 00a1 02       		.uleb128 0x2
 1119 00a2 18       		.uleb128 0x18
 1120 00a3 00       		.byte	0
 1121 00a4 00       		.byte	0
 1122 00a5 0D       		.uleb128 0xd
 1123 00a6 0B       		.uleb128 0xb
 1124 00a7 01       		.byte	0x1
 1125 00a8 11       		.uleb128 0x11
 1126 00a9 01       		.uleb128 0x1
 1127 00aa 12       		.uleb128 0x12
 1128 00ab 06       		.uleb128 0x6
 1129 00ac 00       		.byte	0
 1130 00ad 00       		.byte	0
 1131 00ae 0E       		.uleb128 0xe
 1132 00af 34       		.uleb128 0x34
 1133 00b0 00       		.byte	0
 1134 00b1 03       		.uleb128 0x3
 1135 00b2 0E       		.uleb128 0xe
 1136 00b3 3A       		.uleb128 0x3a
 1137 00b4 0B       		.uleb128 0xb
 1138 00b5 3B       		.uleb128 0x3b
 1139 00b6 0B       		.uleb128 0xb
 1140 00b7 49       		.uleb128 0x49
 1141 00b8 13       		.uleb128 0x13
 1142 00b9 3F       		.uleb128 0x3f
 1143 00ba 19       		.uleb128 0x19
 1144 00bb 02       		.uleb128 0x2
 1145 00bc 18       		.uleb128 0x18
 1146 00bd 00       		.byte	0
 1147 00be 00       		.byte	0
 1148 00bf 00       		.byte	0
 1149              		.section	.debug_aranges,"",%progbits
 1150 0000 2C000000 		.4byte	0x2c
ARM GAS  C:\Users\ksoneda\AppData\Local\Temp\ccTzxrXy.s 			page 25


 1151 0004 0200     		.2byte	0x2
 1152 0006 00000000 		.4byte	.Ldebug_info0
 1153 000a 04       		.byte	0x4
 1154 000b 00       		.byte	0
 1155 000c 0000     		.2byte	0
 1156 000e 0000     		.2byte	0
 1157 0010 00000000 		.4byte	.LFB35
 1158 0014 E4000000 		.4byte	.LFE35-.LFB35
 1159 0018 00000000 		.4byte	.LFB36
 1160 001c F0000000 		.4byte	.LFE36-.LFB36
 1161 0020 00000000 		.4byte	.LFB37
 1162 0024 C8000000 		.4byte	.LFE37-.LFB37
 1163 0028 00000000 		.4byte	0
 1164 002c 00000000 		.4byte	0
 1165              		.section	.debug_ranges,"",%progbits
 1166              	.Ldebug_ranges0:
 1167 0000 00000000 		.4byte	.LFB35
 1168 0004 E4000000 		.4byte	.LFE35
 1169 0008 00000000 		.4byte	.LFB36
 1170 000c F0000000 		.4byte	.LFE36
 1171 0010 00000000 		.4byte	.LFB37
 1172 0014 C8000000 		.4byte	.LFE37
 1173 0018 00000000 		.4byte	0
 1174 001c 00000000 		.4byte	0
 1175              		.section	.debug_line,"",%progbits
 1176              	.Ldebug_line0:
 1177 0000 1B010000 		.section	.debug_str,"MS",%progbits,1
 1177      02005E00 
 1177      00000201 
 1177      FB0E0D00 
 1177      01010101 
 1178              	.LASF84:
 1179 0000 73747245 		.ascii	"strEnd\000"
 1179      6E6400
 1180              	.LASF24:
 1181 0007 4359424C 		.ascii	"CYBLE_EVT_GAP_PASSKEY_ENTRY_REQUEST\000"
 1181      455F4556 
 1181      545F4741 
 1181      505F5041 
 1181      53534B45 
 1182              	.LASF75:
 1183 002b 73746174 		.ascii	"state\000"
 1183      6500
 1184              	.LASF76:
 1185 0031 436F7A69 		.ascii	"Cozir_WriteMode\000"
 1185      725F5772 
 1185      6974654D 
 1185      6F646500 
 1186              	.LASF2:
 1187 0041 73686F72 		.ascii	"short int\000"
 1187      7420696E 
 1187      7400
 1188              	.LASF27:
 1189 004b 4359424C 		.ascii	"CYBLE_EVT_GAP_AUTH_FAILED\000"
 1189      455F4556 
 1189      545F4741 
 1189      505F4155 
ARM GAS  C:\Users\ksoneda\AppData\Local\Temp\ccTzxrXy.s 			page 26


 1189      54485F46 
 1190              	.LASF37:
 1191 0065 4359424C 		.ascii	"CYBLE_EVT_GATT_DISCONNECT_IND\000"
 1191      455F4556 
 1191      545F4741 
 1191      54545F44 
 1191      4953434F 
 1192              	.LASF15:
 1193 0083 73697A65 		.ascii	"sizetype\000"
 1193      74797065 
 1193      00
 1194              	.LASF35:
 1195 008c 4359424C 		.ascii	"CYBLE_EVT_GATTC_ERROR_RSP\000"
 1195      455F4556 
 1195      545F4741 
 1195      5454435F 
 1195      4552524F 
 1196              	.LASF77:
 1197 00a6 6D6F6465 		.ascii	"mode\000"
 1197      00
 1198              	.LASF20:
 1199 00ab 4359424C 		.ascii	"CYBLE_EVT_HCI_STATUS\000"
 1199      455F4556 
 1199      545F4843 
 1199      495F5354 
 1199      41545553 
 1200              	.LASF41:
 1201 00c0 4359424C 		.ascii	"CYBLE_EVT_GATTC_READ_BY_TYPE_RSP\000"
 1201      455F4556 
 1201      545F4741 
 1201      5454435F 
 1201      52454144 
 1202              	.LASF17:
 1203 00e1 4359424C 		.ascii	"CYBLE_EVT_STACK_ON\000"
 1203      455F4556 
 1203      545F5354 
 1203      41434B5F 
 1203      4F4E00
 1204              	.LASF38:
 1205 00f4 4359424C 		.ascii	"CYBLE_EVT_GATTS_XCNHG_MTU_REQ\000"
 1205      455F4556 
 1205      545F4741 
 1205      5454535F 
 1205      58434E48 
 1206              	.LASF10:
 1207 0112 75696E74 		.ascii	"uint16\000"
 1207      313600
 1208              	.LASF72:
 1209 0119 696E6465 		.ascii	"index\000"
 1209      7800
 1210              	.LASF34:
 1211 011f 4359424C 		.ascii	"CYBLE_EVT_GAP_KEYINFO_EXCHNGE_CMPLT\000"
 1211      455F4556 
 1211      545F4741 
 1211      505F4B45 
 1211      59494E46 
 1212              	.LASF46:
ARM GAS  C:\Users\ksoneda\AppData\Local\Temp\ccTzxrXy.s 			page 27


 1213 0143 4359424C 		.ascii	"CYBLE_EVT_GATTC_READ_MULTI_RSP\000"
 1213      455F4556 
 1213      545F4741 
 1213      5454435F 
 1213      52454144 
 1214              	.LASF55:
 1215 0162 4359424C 		.ascii	"CYBLE_EVT_GATTS_HANDLE_VALUE_CNF\000"
 1215      455F4556 
 1215      545F4741 
 1215      5454535F 
 1215      48414E44 
 1216              	.LASF16:
 1217 0183 4359424C 		.ascii	"CYBLE_EVT_HOST_INVALID\000"
 1217      455F4556 
 1217      545F484F 
 1217      53545F49 
 1217      4E56414C 
 1218              	.LASF73:
 1219 019a 52656164 		.ascii	"ReadCO2\000"
 1219      434F3200 
 1220              	.LASF63:
 1221 01a2 4359424C 		.ascii	"CYBLE_EVT_L2CAP_CBFC_DISCONN_CNF\000"
 1221      455F4556 
 1221      545F4C32 
 1221      4341505F 
 1221      43424643 
 1222              	.LASF12:
 1223 01c3 666C6F61 		.ascii	"float\000"
 1223      7400
 1224              	.LASF83:
 1225 01c9 433A5C55 		.ascii	"C:\\Users\\ksoneda\\Documents\\PSoC Creator\\Senior"
 1225      73657273 
 1225      5C6B736F 
 1225      6E656461 
 1225      5C446F63 
 1226 01f7 20446573 		.ascii	" Design\\AQM Firmware BLE\\AQM Firmware BLE v1.cyds"
 1226      69676E5C 
 1226      41514D20 
 1226      4669726D 
 1226      77617265 
 1227 0228 6E00     		.ascii	"n\000"
 1228              	.LASF44:
 1229 022a 4359424C 		.ascii	"CYBLE_EVT_GATTC_READ_RSP\000"
 1229      455F4556 
 1229      545F4741 
 1229      5454435F 
 1229      52454144 
 1230              	.LASF48:
 1231 0243 4359424C 		.ascii	"CYBLE_EVT_GATTC_WRITE_RSP\000"
 1231      455F4556 
 1231      545F4741 
 1231      5454435F 
 1231      57524954 
 1232              	.LASF6:
 1233 025d 6C6F6E67 		.ascii	"long long int\000"
 1233      206C6F6E 
 1233      6720696E 
ARM GAS  C:\Users\ksoneda\AppData\Local\Temp\ccTzxrXy.s 			page 28


 1233      7400
 1234              	.LASF7:
 1235 026b 6C6F6E67 		.ascii	"long long unsigned int\000"
 1235      206C6F6E 
 1235      6720756E 
 1235      7369676E 
 1235      65642069 
 1236              	.LASF4:
 1237 0282 6C6F6E67 		.ascii	"long int\000"
 1237      20696E74 
 1237      00
 1238              	.LASF54:
 1239 028b 4359424C 		.ascii	"CYBLE_EVT_GATTC_HANDLE_VALUE_IND\000"
 1239      455F4556 
 1239      545F4741 
 1239      5454435F 
 1239      48414E44 
 1240              	.LASF29:
 1241 02ac 4359424C 		.ascii	"CYBLE_EVT_GAP_DEVICE_CONNECTED\000"
 1241      455F4556 
 1241      545F4741 
 1241      505F4445 
 1241      56494345 
 1242              	.LASF28:
 1243 02cb 4359424C 		.ascii	"CYBLE_EVT_GAPP_ADVERTISEMENT_START_STOP\000"
 1243      455F4556 
 1243      545F4741 
 1243      50505F41 
 1243      44564552 
 1244              	.LASF53:
 1245 02f3 4359424C 		.ascii	"CYBLE_EVT_GATTC_HANDLE_VALUE_NTF\000"
 1245      455F4556 
 1245      545F4741 
 1245      5454435F 
 1245      48414E44 
 1246              	.LASF21:
 1247 0314 4359424C 		.ascii	"CYBLE_EVT_STACK_BUSY_STATUS\000"
 1247      455F4556 
 1247      545F5354 
 1247      41434B5F 
 1247      42555359 
 1248              	.LASF25:
 1249 0330 4359424C 		.ascii	"CYBLE_EVT_GAP_PASSKEY_DISPLAY_REQUEST\000"
 1249      455F4556 
 1249      545F4741 
 1249      505F5041 
 1249      53534B45 
 1250              	.LASF61:
 1251 0356 4359424C 		.ascii	"CYBLE_EVT_L2CAP_CBFC_CONN_CNF\000"
 1251      455F4556 
 1251      545F4C32 
 1251      4341505F 
 1251      43424643 
 1252              	.LASF74:
 1253 0374 52656164 		.ascii	"ReadCO2_2\000"
 1253      434F325F 
 1253      3200
ARM GAS  C:\Users\ksoneda\AppData\Local\Temp\ccTzxrXy.s 			page 29


 1254              	.LASF69:
 1255 037e 4359424C 		.ascii	"CYBLE_EVT_MAX\000"
 1255      455F4556 
 1255      545F4D41 
 1255      5800
 1256              	.LASF9:
 1257 038c 75696E74 		.ascii	"uint8\000"
 1257      3800
 1258              	.LASF57:
 1259 0392 4359424C 		.ascii	"CYBLE_EVT_L2CAP_CONN_PARAM_UPDATE_REQ\000"
 1259      455F4556 
 1259      545F4C32 
 1259      4341505F 
 1259      434F4E4E 
 1260              	.LASF1:
 1261 03b8 756E7369 		.ascii	"unsigned char\000"
 1261      676E6564 
 1261      20636861 
 1261      7200
 1262              	.LASF50:
 1263 03c6 4359424C 		.ascii	"CYBLE_EVT_GATTS_PREP_WRITE_REQ\000"
 1263      455F4556 
 1263      545F4741 
 1263      5454535F 
 1263      50524550 
 1264              	.LASF42:
 1265 03e5 4359424C 		.ascii	"CYBLE_EVT_GATTC_FIND_INFO_RSP\000"
 1265      455F4556 
 1265      545F4741 
 1265      5454435F 
 1265      46494E44 
 1266              	.LASF0:
 1267 0403 7369676E 		.ascii	"signed char\000"
 1267      65642063 
 1267      68617200 
 1268              	.LASF47:
 1269 040f 4359424C 		.ascii	"CYBLE_EVT_GATTS_WRITE_REQ\000"
 1269      455F4556 
 1269      545F4741 
 1269      5454535F 
 1269      57524954 
 1270              	.LASF43:
 1271 0429 4359424C 		.ascii	"CYBLE_EVT_GATTC_FIND_BY_TYPE_VALUE_RSP\000"
 1271      455F4556 
 1271      545F4741 
 1271      5454435F 
 1271      46494E44 
 1272              	.LASF26:
 1273 0450 4359424C 		.ascii	"CYBLE_EVT_GAP_AUTH_COMPLETE\000"
 1273      455F4556 
 1273      545F4741 
 1273      505F4155 
 1273      54485F43 
 1274              	.LASF8:
 1275 046c 756E7369 		.ascii	"unsigned int\000"
 1275      676E6564 
 1275      20696E74 
ARM GAS  C:\Users\ksoneda\AppData\Local\Temp\ccTzxrXy.s 			page 30


 1275      00
 1276              	.LASF36:
 1277 0479 4359424C 		.ascii	"CYBLE_EVT_GATT_CONNECT_IND\000"
 1277      455F4556 
 1277      545F4741 
 1277      54545F43 
 1277      4F4E4E45 
 1278              	.LASF5:
 1279 0494 6C6F6E67 		.ascii	"long unsigned int\000"
 1279      20756E73 
 1279      69676E65 
 1279      6420696E 
 1279      7400
 1280              	.LASF23:
 1281 04a6 4359424C 		.ascii	"CYBLE_EVT_GAP_AUTH_REQ\000"
 1281      455F4556 
 1281      545F4741 
 1281      505F4155 
 1281      54485F52 
 1282              	.LASF62:
 1283 04bd 4359424C 		.ascii	"CYBLE_EVT_L2CAP_CBFC_DISCONN_IND\000"
 1283      455F4556 
 1283      545F4C32 
 1283      4341505F 
 1283      43424643 
 1284              	.LASF31:
 1285 04de 4359424C 		.ascii	"CYBLE_EVT_GAP_ENCRYPT_CHANGE\000"
 1285      455F4556 
 1285      545F4741 
 1285      505F454E 
 1285      43525950 
 1286              	.LASF3:
 1287 04fb 73686F72 		.ascii	"short unsigned int\000"
 1287      7420756E 
 1287      7369676E 
 1287      65642069 
 1287      6E7400
 1288              	.LASF78:
 1289 050e 72657370 		.ascii	"response\000"
 1289      6F6E7365 
 1289      00
 1290              	.LASF32:
 1291 0517 4359424C 		.ascii	"CYBLE_EVT_GAP_CONNECTION_UPDATE_COMPLETE\000"
 1291      455F4556 
 1291      545F4741 
 1291      505F434F 
 1291      4E4E4543 
 1292              	.LASF14:
 1293 0540 63686172 		.ascii	"char\000"
 1293      00
 1294              	.LASF59:
 1295 0545 4359424C 		.ascii	"CYBLE_EVT_L2CAP_COMMAND_REJ\000"
 1295      455F4556 
 1295      545F4C32 
 1295      4341505F 
 1295      434F4D4D 
 1296              	.LASF22:
ARM GAS  C:\Users\ksoneda\AppData\Local\Temp\ccTzxrXy.s 			page 31


 1297 0561 4359424C 		.ascii	"CYBLE_EVT_GAPC_SCAN_PROGRESS_RESULT\000"
 1297      455F4556 
 1297      545F4741 
 1297      50435F53 
 1297      43414E5F 
 1298              	.LASF45:
 1299 0585 4359424C 		.ascii	"CYBLE_EVT_GATTC_READ_BLOB_RSP\000"
 1299      455F4556 
 1299      545F4741 
 1299      5454435F 
 1299      52454144 
 1300              	.LASF52:
 1301 05a3 4359424C 		.ascii	"CYBLE_EVT_GATTC_EXEC_WRITE_RSP\000"
 1301      455F4556 
 1301      545F4741 
 1301      5454435F 
 1301      45584543 
 1302              	.LASF11:
 1303 05c2 75696E74 		.ascii	"uint32\000"
 1303      333200
 1304              	.LASF68:
 1305 05c9 4359424C 		.ascii	"CYBLE_EVT_PENDING_FLASH_WRITE\000"
 1305      455F4556 
 1305      545F5045 
 1305      4E44494E 
 1305      475F464C 
 1306              	.LASF65:
 1307 05e7 4359424C 		.ascii	"CYBLE_EVT_L2CAP_CBFC_RX_CREDIT_IND\000"
 1307      455F4556 
 1307      545F4C32 
 1307      4341505F 
 1307      43424643 
 1308              	.LASF13:
 1309 060a 646F7562 		.ascii	"double\000"
 1309      6C6500
 1310              	.LASF70:
 1311 0611 61727261 		.ascii	"array\000"
 1311      7900
 1312              	.LASF66:
 1313 0617 4359424C 		.ascii	"CYBLE_EVT_L2CAP_CBFC_TX_CREDIT_IND\000"
 1313      455F4556 
 1313      545F4C32 
 1313      4341505F 
 1313      43424643 
 1314              	.LASF71:
 1315 063a 73697A65 		.ascii	"size\000"
 1315      00
 1316              	.LASF79:
 1317 063f 7374724D 		.ascii	"strMode\000"
 1317      6F646500 
 1318              	.LASF19:
 1319 0647 4359424C 		.ascii	"CYBLE_EVT_HARDWARE_ERROR\000"
 1319      455F4556 
 1319      545F4841 
 1319      52445741 
 1319      52455F45 
 1320              	.LASF64:
ARM GAS  C:\Users\ksoneda\AppData\Local\Temp\ccTzxrXy.s 			page 32


 1321 0660 4359424C 		.ascii	"CYBLE_EVT_L2CAP_CBFC_DATA_READ\000"
 1321      455F4556 
 1321      545F4C32 
 1321      4341505F 
 1321      43424643 
 1322              	.LASF58:
 1323 067f 4359424C 		.ascii	"CYBLE_EVT_L2CAP_CONN_PARAM_UPDATE_RSP\000"
 1323      455F4556 
 1323      545F4C32 
 1323      4341505F 
 1323      434F4E4E 
 1324              	.LASF60:
 1325 06a5 4359424C 		.ascii	"CYBLE_EVT_L2CAP_CBFC_CONN_IND\000"
 1325      455F4556 
 1325      545F4C32 
 1325      4341505F 
 1325      43424643 
 1326              	.LASF40:
 1327 06c3 4359424C 		.ascii	"CYBLE_EVT_GATTC_READ_BY_GROUP_TYPE_RSP\000"
 1327      455F4556 
 1327      545F4741 
 1327      5454435F 
 1327      52454144 
 1328              	.LASF49:
 1329 06ea 4359424C 		.ascii	"CYBLE_EVT_GATTS_WRITE_CMD_REQ\000"
 1329      455F4556 
 1329      545F4741 
 1329      5454535F 
 1329      57524954 
 1330              	.LASF39:
 1331 0708 4359424C 		.ascii	"CYBLE_EVT_GATTC_XCHNG_MTU_RSP\000"
 1331      455F4556 
 1331      545F4741 
 1331      5454435F 
 1331      5843484E 
 1332              	.LASF18:
 1333 0726 4359424C 		.ascii	"CYBLE_EVT_TIMEOUT\000"
 1333      455F4556 
 1333      545F5449 
 1333      4D454F55 
 1333      5400
 1334              	.LASF67:
 1335 0738 4359424C 		.ascii	"CYBLE_EVT_L2CAP_CBFC_DATA_WRITE_IND\000"
 1335      455F4556 
 1335      545F4C32 
 1335      4341505F 
 1335      43424643 
 1336              	.LASF33:
 1337 075c 4359424C 		.ascii	"CYBLE_EVT_GAPC_SCAN_START_STOP\000"
 1337      455F4556 
 1337      545F4741 
 1337      50435F53 
 1337      43414E5F 
 1338              	.LASF80:
 1339 077b 6C617374 		.ascii	"last\000"
 1339      00
 1340              	.LASF82:
ARM GAS  C:\Users\ksoneda\AppData\Local\Temp\ccTzxrXy.s 			page 33


 1341 0780 2E5C6675 		.ascii	".\\functionsCozir.c\000"
 1341      6E637469 
 1341      6F6E7343 
 1341      6F7A6972 
 1341      2E6300
 1342              	.LASF51:
 1343 0793 4359424C 		.ascii	"CYBLE_EVT_GATTS_EXEC_WRITE_REQ\000"
 1343      455F4556 
 1343      545F4741 
 1343      5454535F 
 1343      45584543 
 1344              	.LASF30:
 1345 07b2 4359424C 		.ascii	"CYBLE_EVT_GAP_DEVICE_DISCONNECTED\000"
 1345      455F4556 
 1345      545F4741 
 1345      505F4445 
 1345      56494345 
 1346              	.LASF56:
 1347 07d4 4359424C 		.ascii	"CYBLE_EVT_GATTS_DATA_SIGNED_CMD_REQ\000"
 1347      455F4556 
 1347      545F4741 
 1347      5454535F 
 1347      44415441 
 1348              	.LASF81:
 1349 07f8 474E5520 		.ascii	"GNU C 4.8.4 20140526 (release) [ARM/embedded-4_8-br"
 1349      4320342E 
 1349      382E3420 
 1349      32303134 
 1349      30353236 
 1350 082b 616E6368 		.ascii	"anch revision 211358] -mcpu=cortex-m0 -mthumb -g -O"
 1350      20726576 
 1350      6973696F 
 1350      6E203231 
 1350      31333538 
 1351 085e 30202D66 		.ascii	"0 -ffunction-sections\000"
 1351      66756E63 
 1351      74696F6E 
 1351      2D736563 
 1351      74696F6E 
 1352              		.ident	"GCC: (GNU Tools for ARM Embedded Processors) 4.8.4 20140526 (release) [ARM/embedded-4_8-br
